<?xml version="1.0" encoding="UTF-8"?>
<!-- Generated by org.testng.reporters.JUnitXMLReporter -->
<testsuite ignored="1" hostname="SHUBHAM" failures="0" tests="1" name="Default test(failed)(failed)(failed)(failed)(failed)" time="67.869" errors="0" timestamp="2024-02-11T16:42:38 IST">
  <testcase classname="entrata.tests.ProductPageTest" name="validateSchedeleLink_Of_ResidentPayLink" time="13.28"/>
  <testcase classname="entrata.tests.ProductPageTest" name="validateResidentPayLink" time="0.0">
    <ignored/>
  </testcase> <!-- validateResidentPayLink -->
</testsuite> <!-- Default test(failed)(failed)(failed)(failed)(failed) -->
