<?xml version="1.0" encoding="UTF-8"?>
<!-- Generated by org.testng.reporters.JUnitXMLReporter -->
<testsuite ignored="1" hostname="SHUBHAM" failures="0" tests="1" name="Test(failed)" time="101.236" errors="0" timestamp="2024-02-16T15:02:10 IST">
  <testcase classname="entrata.tests.ProductPageTest" name="validateResidentPayLink" time="5.573"/>
  <testcase classname="entrata.tests.ProductPageTest" name="validateSchedeleLink_Of_ResidentPayLink" time="0.0">
    <ignored/>
  </testcase> <!-- validateSchedeleLink_Of_ResidentPayLink -->
</testsuite> <!-- Test(failed) -->
