<?xml version="1.0" encoding="UTF-8"?>
<testng-results ignored="1" total="2" passed="1" failed="0" skipped="0">
  <reporter-output>
  </reporter-output>
  <suite started-at="2024-02-16T15:00:29 IST" name="Failed suite [Suite]" finished-at="2024-02-16T15:02:10 IST" duration-ms="101236">
    <groups>
    </groups>
    <test started-at="2024-02-16T15:00:29 IST" name="Test(failed)" finished-at="2024-02-16T15:02:10 IST" duration-ms="101236">
      <class name="entrata.tests.ProductPageTest">
        <test-method is-config="true" signature="initialization()[pri:0, instance:entrata.tests.ProductPageTest@71def8f8]" started-at="2024-02-16T15:00:29 IST" name="initialization" finished-at="2024-02-16T15:02:04 IST" duration-ms="94987" status="PASS">
          <reporter-output>
          </reporter-output>
        </test-method> <!-- initialization -->
        <test-method signature="validateResidentPayLink()[pri:0, instance:entrata.tests.ProductPageTest@71def8f8]" started-at="2024-02-16T15:02:04 IST" name="validateResidentPayLink" finished-at="2024-02-16T15:02:09 IST" duration-ms="5573" status="PASS">
          <reporter-output>
          </reporter-output>
        </test-method> <!-- validateResidentPayLink -->
        <test-method is-config="true" signature="tearDown()[pri:0, instance:entrata.tests.ProductPageTest@71def8f8]" started-at="2024-02-16T15:02:09 IST" name="tearDown" finished-at="2024-02-16T15:02:10 IST" duration-ms="619" status="PASS">
          <reporter-output>
          </reporter-output>
        </test-method> <!-- tearDown -->
      </class> <!-- entrata.tests.ProductPageTest -->
    </test> <!-- Test(failed) -->
  </suite> <!-- Failed suite [Suite] -->
</testng-results>
